<?xml version="1.0" encoding="UTF-8"?>
<!-- Generated by org.testng.reporters.JUnitXMLReporter -->
<testsuite ignored="0" hostname="DESKTOP-US8MHMD" failures="1" tests="2" name="All tests" time="50.698" errors="0" timestamp="2023-06-02T04:59:19 MSK">
  <testcase classname="test.EmailAndCloudGooglePageCostComparisonTest" name="estimatedCostTest" time="0.015">
    <failure type="java.lang.AssertionError" message="The estimated cost is incorrect! expected [USD 1,081.20] but found [USD 1,053.08]">
      <![CDATA[java.lang.AssertionError: The estimated cost is incorrect! expected [USD 1,081.20] but found [USD 1,053.08]
at test.EmailAndCloudGooglePageCostComparisonTest.estimatedCostTest(EmailAndCloudGooglePageCostComparisonTest.java:47)
at java.base/java.util.ArrayList.forEach(ArrayList.java:1511)
... Removed 34 stack frames]]>
    </failure>
  </testcase> <!-- estimatedCostTest -->
  <testcase classname="test.YopmailURLTest" name="urlTest" time="5.093"/>
</testsuite> <!-- All tests -->
