<?xml version="1.0" encoding="UTF-8"?>
<testng-results ignored="0" total="3" passed="3" failed="0" skipped="0">
  <reporter-output>
  </reporter-output>
  <suite started-at="2023-05-15T15:21:02 MSK" name="PastebinSubmittedPageTest" finished-at="2023-05-15T15:21:09 MSK" duration-ms="7289">
    <groups>
    </groups>
    <test started-at="2023-05-15T15:21:02 MSK" name="Command line test" finished-at="2023-05-15T15:21:09 MSK" duration-ms="7289">
      <class name="PastebinSubmittedPageTest">
        <test-method is-config="true" signature="pastebinPageOpenAndSubmit()[pri:0, instance:PastebinSubmittedPageTest@548a102f]" started-at="2023-05-15T15:21:02 MSK" name="pastebinPageOpenAndSubmit" finished-at="2023-05-15T15:21:08 MSK" duration-ms="6889" status="PASS">
          <reporter-output>
          </reporter-output>
        </test-method> <!-- pastebinPageOpenAndSubmit -->
        <test-method signature="pasteTextTest()[pri:0, instance:PastebinSubmittedPageTest@548a102f]" started-at="2023-05-15T15:21:08 MSK" name="pasteTextTest" finished-at="2023-05-15T15:21:09 MSK" duration-ms="69" status="PASS">
          <reporter-output>
          </reporter-output>
        </test-method> <!-- pasteTextTest -->
        <test-method signature="syntaxHighlightingTest()[pri:0, instance:PastebinSubmittedPageTest@548a102f]" started-at="2023-05-15T15:21:09 MSK" name="syntaxHighlightingTest" finished-at="2023-05-15T15:21:09 MSK" duration-ms="42" status="PASS">
          <reporter-output>
          </reporter-output>
        </test-method> <!-- syntaxHighlightingTest -->
        <test-method signature="titleNameTest()[pri:0, instance:PastebinSubmittedPageTest@548a102f]" started-at="2023-05-15T15:21:09 MSK" name="titleNameTest" finished-at="2023-05-15T15:21:09 MSK" duration-ms="26" status="PASS">
          <reporter-output>
          </reporter-output>
        </test-method> <!-- titleNameTest -->
        <test-method is-config="true" signature="browserTearDown()[pri:0, instance:PastebinSubmittedPageTest@548a102f]" started-at="2023-05-15T15:21:09 MSK" name="browserTearDown" finished-at="2023-05-15T15:21:09 MSK" duration-ms="213" status="PASS">
          <reporter-output>
          </reporter-output>
        </test-method> <!-- browserTearDown -->
      </class> <!-- PastebinSubmittedPageTest -->
    </test> <!-- Command line test -->
  </suite> <!-- PastebinSubmittedPageTest -->
</testng-results>
