<?xml version="1.0" encoding="UTF-8"?>
<!-- Generated by org.testng.reporters.JUnitXMLReporter -->
<testsuite ignored="0" hostname="DESKTOP-US8MHMD" failures="0" tests="6" name="Command line test" time="28.995" errors="0" timestamp="2023-05-15T15:22:59 MSK">
  <testcase classname="PricingCalculatorFilledPageTest" name="commitmentTermTest" time="0.156"/>
  <testcase classname="PricingCalculatorFilledPageTest" name="estimatedCostTest" time="0.06"/>
  <testcase classname="PricingCalculatorFilledPageTest" name="instanceTypeTest" time="0.045"/>
  <testcase classname="PricingCalculatorFilledPageTest" name="localSSDTypeTest" time="0.03"/>
  <testcase classname="PricingCalculatorFilledPageTest" name="provisioningModelTest" time="0.032"/>
  <testcase classname="PricingCalculatorFilledPageTest" name="regionTest" time="0.031"/>
</testsuite> <!-- Command line test -->
