<?xml version="1.0" encoding="UTF-8"?>
<!-- Generated by org.testng.reporters.JUnitXMLReporter -->
<testsuite ignored="0" hostname="DESKTOP-US8MHMD" failures="0" tests="3" name="Command line test" time="7.289" errors="0" timestamp="2023-05-15T15:21:09 MSK">
  <testcase classname="PastebinSubmittedPageTest" name="pasteTextTest" time="0.069"/>
  <testcase classname="PastebinSubmittedPageTest" name="syntaxHighlightingTest" time="0.042"/>
  <testcase classname="PastebinSubmittedPageTest" name="titleNameTest" time="0.026"/>
</testsuite> <!-- Command line test -->
