<?xml version="1.0" encoding="UTF-8"?>
<testng-results ignored="0" total="2" passed="2" failed="0" skipped="0">
  <reporter-output>
  </reporter-output>
  <suite started-at="2023-06-01T05:31:00 MSK" name="All tests" finished-at="2023-06-01T05:31:40 MSK" duration-ms="40118">
    <groups>
    </groups>
    <test started-at="2023-06-01T05:31:00 MSK" name="All tests" finished-at="2023-06-01T05:31:40 MSK" duration-ms="40118">
      <class name="test.YopmailURLTest">
        <test-method is-config="true" signature="setUp()[pri:0, instance:test.YopmailURLTest@6ebf0f36]" started-at="2023-06-01T05:31:36 MSK" name="setUp" finished-at="2023-06-01T05:31:37 MSK" duration-ms="1097" status="PASS">
          <reporter-output>
          </reporter-output>
        </test-method> <!-- setUp -->
        <test-method signature="urlTest()[pri:0, instance:test.YopmailURLTest@6ebf0f36]" started-at="2023-06-01T05:31:37 MSK" name="urlTest" finished-at="2023-06-01T05:31:40 MSK" duration-ms="3026" status="PASS">
          <reporter-output>
          </reporter-output>
        </test-method> <!-- urlTest -->
        <test-method is-config="true" signature="configureModel()[pri:0, instance:test.YopmailURLTest@6ebf0f36]" started-at="2023-06-01T05:31:37 MSK" name="configureModel" finished-at="2023-06-01T05:31:37 MSK" duration-ms="0" status="PASS">
          <reporter-output>
          </reporter-output>
        </test-method> <!-- configureModel -->
        <test-method is-config="true" signature="tearDown()[pri:0, instance:test.YopmailURLTest@6ebf0f36]" started-at="2023-06-01T05:31:40 MSK" name="tearDown" finished-at="2023-06-01T05:31:40 MSK" duration-ms="112" status="PASS">
          <reporter-output>
          </reporter-output>
        </test-method> <!-- tearDown -->
      </class> <!-- test.YopmailURLTest -->
      <class name="test.EmailAndCloudGooglePageCostComparisonTest">
        <test-method is-config="true" signature="setUp()[pri:0, instance:test.EmailAndCloudGooglePageCostComparisonTest@2e8e8225]" started-at="2023-06-01T05:31:00 MSK" name="setUp" finished-at="2023-06-01T05:31:02 MSK" duration-ms="2034" status="PASS">
          <reporter-output>
          </reporter-output>
        </test-method> <!-- setUp -->
        <test-method is-config="true" signature="configureModel()[pri:0, instance:test.EmailAndCloudGooglePageCostComparisonTest@2e8e8225]" started-at="2023-06-01T05:31:02 MSK" name="configureModel" finished-at="2023-06-01T05:31:02 MSK" duration-ms="6" status="PASS">
          <reporter-output>
          </reporter-output>
        </test-method> <!-- configureModel -->
        <test-method signature="estimatedCostTest()[pri:0, instance:test.EmailAndCloudGooglePageCostComparisonTest@2e8e8225]" started-at="2023-06-01T05:31:02 MSK" name="estimatedCostTest" finished-at="2023-06-01T05:31:36 MSK" duration-ms="33512" status="PASS">
          <reporter-output>
          </reporter-output>
        </test-method> <!-- estimatedCostTest -->
        <test-method is-config="true" signature="tearDown()[pri:0, instance:test.EmailAndCloudGooglePageCostComparisonTest@2e8e8225]" started-at="2023-06-01T05:31:36 MSK" name="tearDown" finished-at="2023-06-01T05:31:36 MSK" duration-ms="296" status="PASS">
          <reporter-output>
          </reporter-output>
        </test-method> <!-- tearDown -->
      </class> <!-- test.EmailAndCloudGooglePageCostComparisonTest -->
    </test> <!-- All tests -->
  </suite> <!-- All tests -->
</testng-results>
